<?xml version="1.0" encoding="UTF-8"?>
<!-- Generated by org.testng.reporters.JUnitXMLReporter -->
<testsuite ignored="3" hostname="DESKTOP-H2IO4TQ" failures="0" tests="2" name="Personal Loan" time="0.026" errors="0" timestamp="2024-04-24T22:07:54 IST">
  <testcase classname="LoanManagement.PersonalLoan" name="apiLoginPersonalLoan" time="0.003"/>
  <testcase classname="LoanManagement.PersonalLoan" name="webLoginPersonalLoan" time="0.01"/>
  <testcase classname="LoanManagement.PersonalLoan" name="mobileLoginPersonalLoan" time="0.0">
    <ignored/>
  </testcase> <!-- mobileLoginPersonalLoan -->
  <testcase classname="LoanManagement.PersonalLoan" name="mobileSigninPersonalLoan" time="0.0">
    <ignored/>
  </testcase> <!-- mobileSigninPersonalLoan -->
  <testcase classname="LoanManagement.PersonalLoan" name="mobileSignoutPersonalLoan" time="0.0">
    <ignored/>
  </testcase> <!-- mobileSignoutPersonalLoan -->
</testsuite> <!-- Personal Loan -->
