<?xml version="1.0" encoding="UTF-8"?>
<!-- Generated by org.testng.reporters.JUnitXMLReporter -->
<testsuite ignored="10" hostname="DESKTOP-H2IO4TQ" failures="0" tests="3" name="Regression" time="0.103" errors="0" timestamp="2024-04-24T22:08:18 IST">
  <testcase classname="GroupConcept.BikeLoan" name="apiLoginBikeLoan" time="0.02"/>
  <testcase classname="GroupConcept.PropertyLoan" name="dbLoginPropertyLoan" time="0.004"/>
  <testcase classname="GroupConcept.ShopLoan" name="webLoginShopLoan" time="0.003"/>
  <testcase classname="GroupConcept.BikeLoan" name="dbLoginBikeLoan" time="0.0">
    <ignored/>
  </testcase> <!-- dbLoginBikeLoan -->
  <testcase classname="GroupConcept.PropertyLoan" name="apiLoginPropertyLoan" time="0.0">
    <ignored/>
  </testcase> <!-- apiLoginPropertyLoan -->
  <testcase classname="GroupConcept.ShopLoan" name="dbLoginShopLoan" time="0.0">
    <ignored/>
  </testcase> <!-- dbLoginShopLoan -->
  <testcase classname="GroupConcept.PropertyLoan" name="mobileLoginPropertyLoan" time="0.0">
    <ignored/>
  </testcase> <!-- mobileLoginPropertyLoan -->
  <testcase classname="GroupConcept.PropertyLoan" name="networkLoginPropertyLoan" time="0.0">
    <ignored/>
  </testcase> <!-- networkLoginPropertyLoan -->
  <testcase classname="GroupConcept.ShopLoan" name="apiLoginShopLoan" time="0.0">
    <ignored/>
  </testcase> <!-- apiLoginShopLoan -->
  <testcase classname="GroupConcept.PropertyLoan" name="webLoginPropertyLoan" time="0.0">
    <ignored/>
  </testcase> <!-- webLoginPropertyLoan -->
  <testcase classname="GroupConcept.BikeLoan" name="mobileLoginBikeLoan" time="0.0">
    <ignored/>
  </testcase> <!-- mobileLoginBikeLoan -->
  <testcase classname="GroupConcept.ShopLoan" name="mobileLoginShopLoan" time="0.0">
    <ignored/>
  </testcase> <!-- mobileLoginShopLoan -->
  <testcase classname="GroupConcept.BikeLoan" name="webLoginBikeLoan" time="0.0">
    <ignored/>
  </testcase> <!-- webLoginBikeLoan -->
</testsuite> <!-- Regression -->
