<?xml version="1.0" encoding="UTF-8"?>
<testsuite xmlns:xsi="http://www.w3.org/2001/XMLSchema-instance" xsi:noNamespaceSchemaLocation="https://maven.apache.org/surefire/maven-surefire-plugin/xsd/surefire-test-report-3.0.xsd" version="3.0" name="TestSuite" time="1.4" tests="19" errors="0" skipped="0" failures="2">
  <properties>
[...]
</properties>
  <testcase name="apiLoginCarLoan" classname="LoanManagement.CarLoan" time="0.012">
    <system-out><![CDATA[API Login Car Loan
Test is Test Scenario : onTestSuccess apiLoginCarLoan
]]></system-out>
    <system-err><![CDATA[SLF4J: Failed to load class "org.slf4j.impl.StaticLoggerBinder".
SLF4J: Defaulting to no-operation (NOP) logger implementation
SLF4J: See http://www.slf4j.org/codes.html#StaticLoggerBinder for further details.
]]></system-err>
  </testcase>
  <testcase name="apiLoginCarLoan" classname="LoanManagement.CarLoan" time="0.005">
    <system-out><![CDATA[API Login Car Loan
Test is Test Scenario : onTestSuccess apiLoginCarLoan
]]></system-out>
  </testcase>
  <testcase name="mobileLoginCarLoan[https://www.digitalfiverr.com](1)" classname="LoanManagement.CarLoan" time="0.009">
    <system-out><![CDATA[Mobile Login Car loan
https://www.digitalfiverr.com
Test is Test Scenario : onTestSuccess mobileLoginCarLoan
]]></system-out>
  </testcase>
  <testcase name="mobileLoginCarLoan" classname="LoanManagement.CarLoan" time="0.024">
    <failure message="&#10;Parameter &apos;URL&apos; is required by @Test on method mobileLoginCarLoan but has not been marked @Optional or defined&#10;in D:\Eclipse Workspace\TestNGConcept\testng2.xml" type="org.testng.TestNGException"><![CDATA[org.testng.TestNGException: 

Parameter 'URL' is required by @Test on method mobileLoginCarLoan but has not been marked @Optional or defined
in D:\Eclipse Workspace\TestNGConcept\testng2.xml
	at org.testng.internal.Parameters.createParams(Parameters.java:267)
	at org.testng.internal.Parameters.createParametersForMethod(Parameters.java:355)
	at org.testng.internal.Parameters.createParameters(Parameters.java:693)
	at org.testng.internal.Parameters.handleParameters(Parameters.java:888)
	at org.testng.internal.Parameters.handleParameters(Parameters.java:737)
	at org.testng.internal.invokers.ParameterHandler.handleParameters(ParameterHandler.java:72)
	at org.testng.internal.invokers.ParameterHandler.createParameters(ParameterHandler.java:51)
	at org.testng.internal.invokers.TestInvoker$MethodInvocationAgent.invoke(TestInvoker.java:915)
	at org.testng.internal.invokers.TestInvoker.invokeTestMethods(TestInvoker.java:201)
	at org.testng.internal.invokers.TestMethodWorker.invokeTestMethods(TestMethodWorker.java:148)
	at org.testng.internal.invokers.TestMethodWorker.run(TestMethodWorker.java:128)
	at java.base/java.util.ArrayList.forEach(ArrayList.java:1597)
	at org.testng.TestRunner.privateRun(TestRunner.java:819)
	at org.testng.TestRunner.run(TestRunner.java:619)
	at org.testng.SuiteRunner.runTest(SuiteRunner.java:443)
	at org.testng.SuiteRunner.runSequentially(SuiteRunner.java:437)
	at org.testng.SuiteRunner.privateRun(SuiteRunner.java:397)
	at org.testng.SuiteRunner.run(SuiteRunner.java:336)
	at org.testng.SuiteRunnerWorker.runSuite(SuiteRunnerWorker.java:52)
	at org.testng.SuiteRunnerWorker.run(SuiteRunnerWorker.java:95)
	at org.testng.TestNG.runSuitesSequentially(TestNG.java:1301)
	at org.testng.TestNG.runSuitesLocally(TestNG.java:1228)
	at org.testng.TestNG.runSuites(TestNG.java:1134)
	at org.testng.TestNG.run(TestNG.java:1101)
	at org.apache.maven.surefire.testng.TestNGExecutor.run(TestNGExecutor.java:308)
	at org.apache.maven.surefire.testng.TestNGXmlTestSuite.execute(TestNGXmlTestSuite.java:71)
	at org.apache.maven.surefire.testng.TestNGProvider.invoke(TestNGProvider.java:113)
	at org.apache.maven.surefire.booter.ForkedBooter.runSuitesInProcess(ForkedBooter.java:385)
	at org.apache.maven.surefire.booter.ForkedBooter.execute(ForkedBooter.java:162)
	at org.apache.maven.surefire.booter.ForkedBooter.run(ForkedBooter.java:507)
	at org.apache.maven.surefire.booter.ForkedBooter.main(ForkedBooter.java:495)
]]></failure>
    <system-out><![CDATA[This is Test Scenario : onTestFailure mobileLoginCarLoan
]]></system-out>
  </testcase>
  <testcase name="webLoginCarLoan" classname="LoanManagement.CarLoan" time="0.031">
    <system-out><![CDATA[Web Login Car Loan

Test is Test Scenario : onTestSuccess webLoginCarLoan
]]></system-out>
  </testcase>
  <testcase name="apiLoginHomeLoan" classname="LoanManagement.HomeLoan" time="0.005">
    <system-out><![CDATA[Api login Home Loan
Test is Test Scenario : onTestSuccess apiLoginHomeLoan
]]></system-out>
  </testcase>
  <testcase name="apiLoginHomeLoan" classname="LoanManagement.HomeLoan" time="0.014">
    <system-out><![CDATA[Api login Home Loan
Test is Test Scenario : onTestSuccess apiLoginHomeLoan
]]></system-out>
  </testcase>
  <testcase name="mobileLoginHomeLoan" classname="LoanManagement.HomeLoan" time="0.01">
    <system-out><![CDATA[Mobile Login Home Loan
Test is Test Scenario : onTestSuccess mobileLoginHomeLoan
]]></system-out>
  </testcase>
  <testcase name="webLoginHomeLoan" classname="LoanManagement.HomeLoan" time="0.009">
    <system-out><![CDATA[Web Login Home Loan
Test is Test Scenario : onTestSuccess webLoginHomeLoan
]]></system-out>
  </testcase>
  <testcase name="apiLoginPersonalLoan" classname="LoanManagement.PersonalLoan" time="0.005">
    <system-out><![CDATA[Api Login PersonalLoan
Test is Test Scenario : onTestSuccess apiLoginPersonalLoan
]]></system-out>
  </testcase>
  <testcase name="apiLoginPersonalLoan" classname="LoanManagement.PersonalLoan" time="0.005">
    <system-out><![CDATA[Api Login PersonalLoan
Test is Test Scenario : onTestSuccess apiLoginPersonalLoan
]]></system-out>
  </testcase>
  <testcase name="webLoginPersonalLoan[personalloan.com, DF12398](1)" classname="LoanManagement.PersonalLoan" time="0.014">
    <system-out><![CDATA[Web Login PersonalLoan
personalloan.com
DF12398
Test is Test Scenario : onTestSuccess webLoginPersonalLoan
]]></system-out>
  </testcase>
  <testcase name="mobileLoginPersonalLoan" classname="LoanManagement.PersonalLoan" time="0.011">
    <system-out><![CDATA[Mobile Login PersonalLoan
Test is Test Scenario : onTestSuccess mobileLoginPersonalLoan
]]></system-out>
  </testcase>
  <testcase name="mobileSigninPersonalLoan" classname="LoanManagement.PersonalLoan" time="0.006">
    <system-out><![CDATA[Mobile Signin PersonalLoan
Test is Test Scenario : onTestSuccess mobileSigninPersonalLoan
]]></system-out>
  </testcase>
  <testcase name="mobileSignoutPersonalLoan" classname="LoanManagement.PersonalLoan" time="0.006">
    <system-out><![CDATA[Mobile Sign out PersonalLoan
Test is Test Scenario : onTestSuccess mobileSignoutPersonalLoan
]]></system-out>
  </testcase>
  <testcase name="webLoginPersonalLoan" classname="LoanManagement.PersonalLoan" time="0.012">
    <failure message="&#10;Parameter &apos;URL&apos; is required by @Test on method webLoginPersonalLoan but has not been marked @Optional or defined&#10;in D:\Eclipse Workspace\TestNGConcept\testng2.xml" type="org.testng.TestNGException"><![CDATA[org.testng.TestNGException: 

Parameter 'URL' is required by @Test on method webLoginPersonalLoan but has not been marked @Optional or defined
in D:\Eclipse Workspace\TestNGConcept\testng2.xml
	at org.testng.internal.Parameters.createParams(Parameters.java:267)
	at org.testng.internal.Parameters.createParametersForMethod(Parameters.java:355)
	at org.testng.internal.Parameters.createParameters(Parameters.java:693)
	at org.testng.internal.Parameters.handleParameters(Parameters.java:888)
	at org.testng.internal.Parameters.handleParameters(Parameters.java:737)
	at org.testng.internal.invokers.ParameterHandler.handleParameters(ParameterHandler.java:72)
	at org.testng.internal.invokers.ParameterHandler.createParameters(ParameterHandler.java:51)
	at org.testng.internal.invokers.TestInvoker$MethodInvocationAgent.invoke(TestInvoker.java:915)
	at org.testng.internal.invokers.TestInvoker.invokeTestMethods(TestInvoker.java:201)
	at org.testng.internal.invokers.TestMethodWorker.invokeTestMethods(TestMethodWorker.java:148)
	at org.testng.internal.invokers.TestMethodWorker.run(TestMethodWorker.java:128)
	at java.base/java.util.ArrayList.forEach(ArrayList.java:1597)
	at org.testng.TestRunner.privateRun(TestRunner.java:819)
	at org.testng.TestRunner.run(TestRunner.java:619)
	at org.testng.SuiteRunner.runTest(SuiteRunner.java:443)
	at org.testng.SuiteRunner.runSequentially(SuiteRunner.java:437)
	at org.testng.SuiteRunner.privateRun(SuiteRunner.java:397)
	at org.testng.SuiteRunner.run(SuiteRunner.java:336)
	at org.testng.SuiteRunnerWorker.runSuite(SuiteRunnerWorker.java:52)
	at org.testng.SuiteRunnerWorker.run(SuiteRunnerWorker.java:95)
	at org.testng.TestNG.runSuitesSequentially(TestNG.java:1301)
	at org.testng.TestNG.runSuitesLocally(TestNG.java:1228)
	at org.testng.TestNG.runSuites(TestNG.java:1134)
	at org.testng.TestNG.run(TestNG.java:1101)
	at org.apache.maven.surefire.testng.TestNGExecutor.run(TestNGExecutor.java:308)
	at org.apache.maven.surefire.testng.TestNGXmlTestSuite.execute(TestNGXmlTestSuite.java:71)
	at org.apache.maven.surefire.testng.TestNGProvider.invoke(TestNGProvider.java:113)
	at org.apache.maven.surefire.booter.ForkedBooter.runSuitesInProcess(ForkedBooter.java:385)
	at org.apache.maven.surefire.booter.ForkedBooter.execute(ForkedBooter.java:162)
	at org.apache.maven.surefire.booter.ForkedBooter.run(ForkedBooter.java:507)
	at org.apache.maven.surefire.booter.ForkedBooter.main(ForkedBooter.java:495)
]]></failure>
    <system-out><![CDATA[This is Test Scenario : onTestFailure webLoginPersonalLoan
]]></system-out>
  </testcase>
  <testcase name="apiLoginBikeLoan" classname="GroupConcept.BikeLoan" time="0.004">
    <system-out><![CDATA[API Login Bike Loan
Test is Test Scenario : onTestSuccess apiLoginBikeLoan
]]></system-out>
  </testcase>
  <testcase name="dbLoginPropertyLoan" classname="GroupConcept.PropertyLoan" time="0.004">
    <system-out><![CDATA[DB Login Property Loan
Test is Test Scenario : onTestSuccess dbLoginPropertyLoan
]]></system-out>
  </testcase>
  <testcase name="webLoginShopLoan" classname="GroupConcept.ShopLoan" time="0.006">
    <system-out><![CDATA[Web Login Shop Loan
Test is Test Scenario : onTestSuccess webLoginShopLoan
]]></system-out>
  </testcase>
</testsuite>