<?xml version="1.0" encoding="UTF-8"?>
<!-- Generated by org.testng.reporters.JUnitXMLReporter -->
<testsuite ignored="3" hostname="DESKTOP-H2IO4TQ" failures="0" tests="3" name="Loan Test" time="0.092" errors="0" timestamp="2024-04-26T01:01:59 IST">
  <testcase classname="LoanManagement.CarLoan" name="apiLoginCarLoan" time="0.01"/>
  <testcase classname="LoanManagement.CarLoan" name="mobileLoginCarLoan" time="0.003"/>
  <testcase classname="LoanManagement.HomeLoan" name="apiLoginHomeLoan" time="0.002"/>
  <testcase classname="LoanManagement.CarLoan" name="webLoginCarLoan" time="0.0">
    <ignored/>
  </testcase> <!-- webLoginCarLoan -->
  <testcase classname="LoanManagement.HomeLoan" name="webLoginHomeLoan" time="0.0">
    <ignored/>
  </testcase> <!-- webLoginHomeLoan -->
  <testcase classname="LoanManagement.HomeLoan" name="mobileLoginHomeLoan" time="0.0">
    <ignored/>
  </testcase> <!-- mobileLoginHomeLoan -->
</testsuite> <!-- Loan Test -->
